<?xml version="1.0" encoding="UTF-8"?>
<!-- Generated by org.testng.reporters.JUnitXMLReporter -->
<testsuite ignored="0" hostname="LAPTOP-J9N15IOK" failures="0" tests="1" name="Test" time="6.995" errors="0" timestamp="2023-12-06T18:28:55 IST">
  <testcase classname="com.Utility.BaseClass" name="@AfterMethod close" time="0.01">
    <failure type="java.lang.NoClassDefFoundError" message="javax/activation/DataSource">
      <![CDATA[java.lang.NoClassDefFoundError: javax/activation/DataSource
at com.Utility.BaseClass.close(BaseClass.java:38)
at java.base/java.util.ArrayList.forEach(ArrayList.java:1511)
Caused by: java.lang.ClassNotFoundException: javax.activation.DataSource
at java.base/jdk.internal.loader.BuiltinClassLoader.loadClass(BuiltinClassLoader.java:641)
at java.base/jdk.internal.loader.ClassLoaders$AppClassLoader.loadClass(ClassLoaders.java:188)
at java.base/java.lang.ClassLoader.loadClass(ClassLoader.java:521)
... 32 more
... Removed 30 stack frames]]>
    </failure>
  </testcase> <!-- @AfterMethod close -->
  <testcase classname="com.Test.TestCase_1" name="verify_login" time="0.451"/>
</testsuite> <!-- Test -->
