<?xml version="1.0" encoding="UTF-8"?>
<testng-results ignored="0" total="1" passed="1" failed="0" skipped="0">
  <reporter-output>
  </reporter-output>
  <suite started-at="2023-12-22T11:02:45 IST" name="Surefire suite" finished-at="2023-12-22T11:02:54 IST" duration-ms="8857">
    <groups>
    </groups>
    <test started-at="2023-12-22T11:02:45 IST" name="Surefire test" finished-at="2023-12-22T11:02:54 IST" duration-ms="8857">
      <class name="com.Test.TestCase_1">
        <test-method is-config="true" signature="open()[pri:0, instance:com.Test.TestCase_1@c88a337]" started-at="2023-12-22T11:02:45 IST" name="open" finished-at="2023-12-22T11:02:53 IST" duration-ms="8089" status="PASS">
          <reporter-output>
          </reporter-output>
        </test-method> <!-- open -->
        <test-method signature="verify_login()[pri:0, instance:com.Test.TestCase_1@c88a337]" started-at="2023-12-22T11:02:53 IST" name="verify_login" finished-at="2023-12-22T11:02:54 IST" duration-ms="723" status="PASS">
          <reporter-output>
          </reporter-output>
        </test-method> <!-- verify_login -->
        <test-method is-config="true" signature="close()[pri:0, instance:com.Test.TestCase_1@c88a337]" started-at="2023-12-22T11:02:54 IST" name="close" finished-at="2023-12-22T11:02:54 IST" duration-ms="0" status="PASS">
          <reporter-output>
          </reporter-output>
        </test-method> <!-- close -->
      </class> <!-- com.Test.TestCase_1 -->
    </test> <!-- Surefire test -->
  </suite> <!-- Surefire suite -->
</testng-results>
