<?xml version="1.0" encoding="UTF-8"?>
<testng-results ignored="0" total="1" passed="1" failed="0" skipped="0">
  <reporter-output>
  </reporter-output>
  <suite started-at="2023-12-12T15:01:54 IST" name="Suite" finished-at="2023-12-12T15:02:30 IST" duration-ms="36127">
    <groups>
    </groups>
    <test started-at="2023-12-12T15:01:54 IST" name="Test" finished-at="2023-12-12T15:02:30 IST" duration-ms="36127">
      <class name="com.Test.TestCase_1">
        <test-method is-config="true" signature="open()[pri:0, instance:com.Test.TestCase_1@c430e6c]" started-at="2023-12-12T15:01:54 IST" name="open" finished-at="2023-12-12T15:02:03 IST" duration-ms="9486" status="PASS">
          <reporter-output>
          </reporter-output>
        </test-method> <!-- open -->
        <test-method signature="verify_login()[pri:0, instance:com.Test.TestCase_1@c430e6c]" started-at="2023-12-12T15:02:03 IST" name="verify_login" finished-at="2023-12-12T15:02:04 IST" duration-ms="410" status="PASS">
          <reporter-output>
          </reporter-output>
        </test-method> <!-- verify_login -->
        <test-method is-config="true" signature="close()[pri:0, instance:com.Test.TestCase_1@c430e6c]" started-at="2023-12-12T15:02:30 IST" name="close" finished-at="2023-12-12T15:02:30 IST" duration-ms="0" status="PASS">
          <reporter-output>
          </reporter-output>
        </test-method> <!-- close -->
      </class> <!-- com.Test.TestCase_1 -->
    </test> <!-- Test -->
  </suite> <!-- Suite -->
</testng-results>
